<?xml version="1.0" encoding="UTF-8"?>
<!-- Generated by org.testng.reporters.JUnitReportReporter -->
<testsuite hostname="DESKTOP-IL64O1R" failures="0" tests="1" name="Javaedgedriver.DraganddropEX" time="74.793" errors="0" timestamp="2023-01-19T11:47:14 IST" skipped="0">
  <testcase classname="Javaedgedriver.DraganddropEX" name="actionEX" time="74.793"/>
  <system-out/>
</testsuite> <!-- Javaedgedriver.DraganddropEX -->
