<?xml version="1.0" encoding="UTF-8"?>
<!-- Generated by org.testng.reporters.JUnitReportReporter -->
<testsuite hostname="DESKTOP-IL64O1R" failures="0" tests="1" name="Javaedgedriver.ActionEX10000" time="22.703" errors="0" timestamp="2023-01-19T11:04:12 IST" skipped="0">
  <testcase classname="Javaedgedriver.ActionEX10000" name="actionex" time="22.703"/>
  <system-out/>
</testsuite> <!-- Javaedgedriver.ActionEX10000 -->
