<?xml version="1.0" encoding="UTF-8"?>
<!-- Generated by org.testng.reporters.JUnitReportReporter -->
<testsuite hostname="DESKTOP-IL64O1R" failures="0" tests="2" name="Testng.FramesEX" time="45.910" errors="0" timestamp="2023-01-19T21:36:59 IST" skipped="0">
  <testcase classname="Testng.FramesEX" name="framesEX" time="25.831"/>
  <system-out/>
  <testcase classname="Testng.FramesEX" name="framesEX" time="20.079"/>
  <system-out/>
</testsuite> <!-- Testng.FramesEX -->
