<?xml version="1.0" encoding="UTF-8"?>
<!-- Generated by org.testng.reporters.JUnitReportReporter -->
<testsuite hostname="DESKTOP-IL64O1R" failures="0" tests="9" name="Testng.LoginData3" time="0.086" errors="0" timestamp="2023-01-27T00:05:17 IST" skipped="0">
  <testcase classname="Testng.LoginData3" name="logindata" time="0.005"/>
  <system-out/>
  <testcase classname="Testng.LoginData3" name="logindata" time="0.010"/>
  <system-out/>
  <testcase classname="Testng.LoginData3" name="logindata" time="0.007"/>
  <system-out/>
  <testcase classname="Testng.LoginData3" name="logindata" time="0.018"/>
  <system-out/>
  <testcase classname="Testng.LoginData3" name="logindata" time="0.016"/>
  <system-out/>
  <testcase classname="Testng.LoginData3" name="logindata" time="0.004"/>
  <system-out/>
  <testcase classname="Testng.LoginData3" name="logindata" time="0.007"/>
  <system-out/>
  <testcase classname="Testng.LoginData3" name="logindata" time="0.009"/>
  <system-out/>
  <testcase classname="Testng.LoginData3" name="logindata" time="0.010"/>
  <system-out/>
</testsuite> <!-- Testng.LoginData3 -->
