<?xml version="1.0" encoding="UTF-8"?>
<!-- Generated by org.testng.reporters.JUnitReportReporter -->
<testsuite hostname="DESKTOP-IL64O1R" failures="0" tests="2" name="Testng.NavigationEX" time="165.510" errors="0" timestamp="2023-01-19T21:36:59 IST" skipped="0">
  <testcase classname="Testng.NavigationEX" name="Navigation" time="84.157"/>
  <system-out/>
  <testcase classname="Testng.NavigationEX" name="Navigation" time="81.353"/>
  <system-out/>
</testsuite> <!-- Testng.NavigationEX -->
