<?xml version="1.0" encoding="UTF-8"?>
<!-- Generated by org.testng.reporters.JUnitReportReporter -->
<testsuite hostname="DESKTOP-IL64O1R" failures="0" tests="2" name="Testng.ScrolingupdownEX" time="213.227" errors="0" timestamp="2023-01-19T21:36:59 IST" skipped="0">
  <testcase classname="Testng.ScrolingupdownEX" name="scrolingupdownEX" time="111.635"/>
  <system-out/>
  <testcase classname="Testng.ScrolingupdownEX" name="scrolingupdownEX" time="101.592"/>
  <system-out/>
</testsuite> <!-- Testng.ScrolingupdownEX -->
