<?xml version="1.0" encoding="UTF-8"?>
<!-- Generated by org.testng.reporters.JUnitReportReporter -->
<testsuite hostname="DESKTOP-IL64O1R" failures="0" tests="5" name="Testng.LoginData4" time="0.073" errors="0" timestamp="2023-01-27T23:55:02 IST" skipped="0">
  <testcase classname="Testng.LoginData4" name="loging" time="0.014"/>
  <system-out/>
  <testcase classname="Testng.LoginData4" name="logindata" time="0.018"/>
  <system-out/>
  <testcase classname="Testng.LoginData4" name="logindata" time="0.010"/>
  <system-out/>
  <testcase classname="Testng.LoginData4" name="logindata" time="0.017"/>
  <system-out/>
  <testcase classname="Testng.LoginData4" name="logindata01" time="0.014"/>
  <system-out/>
</testsuite> <!-- Testng.LoginData4 -->
