<?xml version="1.0" encoding="UTF-8"?>
<!-- Generated by org.testng.reporters.JUnitReportReporter -->
<testsuite hostname="DESKTOP-IL64O1R" failures="0" tests="1" name="Testng.BrowserPSEX10002" time="23.456" errors="0" timestamp="2023-01-18T19:47:36 IST" skipped="0">
  <testcase classname="Testng.BrowserPSEX10002" name="BrowserPSEX10002" time="23.456"/>
  <system-out/>
</testsuite> <!-- Testng.BrowserPSEX10002 -->
