<?xml version="1.0" encoding="UTF-8"?>
<!-- Generated by org.testng.reporters.JUnitReportReporter -->
<testsuite hostname="DESKTOP-IL64O1R" failures="0" tests="2" name="Testng.ClickandholdEX" time="47.313" errors="0" timestamp="2023-01-19T21:53:29 IST" skipped="0">
  <testcase classname="Testng.ClickandholdEX" name="clickandholdEX" time="17.251"/>
  <system-out/>
  <testcase classname="Testng.ClickandholdEX" name="clickandholdEX" time="30.062"/>
  <system-out/>
</testsuite> <!-- Testng.ClickandholdEX -->
