<?xml version="1.0" encoding="UTF-8"?>
<!-- Generated by org.testng.reporters.JUnitReportReporter -->
<testsuite hostname="DESKTOP-IL64O1R" failures="0" tests="2" name="Testng.BrowserEX" time="35.059" errors="0" timestamp="2023-01-19T21:53:29 IST" skipped="0">
  <testcase classname="Testng.BrowserEX" name="browserEX" time="17.158"/>
  <system-out/>
  <testcase classname="Testng.BrowserEX" name="browserEX" time="17.901"/>
  <system-out/>
</testsuite> <!-- Testng.BrowserEX -->
