<?xml version="1.0" encoding="UTF-8"?>
<!-- Generated by org.testng.reporters.JUnitReportReporter -->
<testsuite hostname="DESKTOP-IL64O1R" failures="0" tests="4" name="Testng.Testngprogram" time="307.567" errors="0" timestamp="2023-01-19T21:36:59 IST" skipped="0">
  <testcase classname="Testng.Testngprogram" name="Scroling" time="122.376"/>
  <system-out/>
  <testcase classname="Testng.Testngprogram" name="Scroling" time="120.116"/>
  <system-out/>
  <testcase classname="Testng.Testngprogram" name="testngprogram" time="13.045"/>
  <system-out/>
  <testcase classname="Testng.Testngprogram" name="testngprogram" time="52.030"/>
  <system-out/>
</testsuite> <!-- Testng.Testngprogram -->
