<?xml version="1.0" encoding="UTF-8"?>
<!-- Generated by org.testng.reporters.JUnitReportReporter -->
<testsuite hostname="DESKTOP-IL64O1R" failures="0" tests="1" name="Javaedgedriver.ScrolingupdownEX" time="167.427" errors="0" timestamp="2023-01-19T11:53:22 IST" skipped="0">
  <testcase classname="Javaedgedriver.ScrolingupdownEX" name="actionEX" time="167.427"/>
  <system-out/>
</testsuite> <!-- Javaedgedriver.ScrolingupdownEX -->
