<?xml version="1.0" encoding="UTF-8"?>
<!-- Generated by org.testng.reporters.JUnitReportReporter -->
<testsuite hostname="DESKTOP-IL64O1R" failures="0" tests="1" name="Javaedgedriver.FramesEX" time="83.865" errors="0" timestamp="2023-01-19T11:53:22 IST" skipped="0">
  <testcase classname="Javaedgedriver.FramesEX" name="actionEX" time="83.865"/>
  <system-out/>
</testsuite> <!-- Javaedgedriver.FramesEX -->
