<?xml version="1.0" encoding="UTF-8"?>
<!-- Generated by org.testng.reporters.JUnitReportReporter -->
<testsuite hostname="DESKTOP-IL64O1R" failures="0" tests="27" name="Testng.First" time="0.202" errors="0" timestamp="2023-02-07T17:18:02 IST" skipped="0">
  <testcase classname="Testng.First" name="cfirsts" time="0.031"/>
  <system-out/>
  <testcase classname="Testng.First" name="cfirsts" time="0.010"/>
  <system-out/>
  <testcase classname="Testng.First" name="cfirsts" time="0.012"/>
  <system-out/>
  <testcase classname="Testng.First" name="bseconds" time="0.009"/>
  <system-out/>
  <testcase classname="Testng.First" name="bseconds" time="0.008"/>
  <system-out/>
  <testcase classname="Testng.First" name="bseconds" time="0.004"/>
  <system-out/>
  <testcase classname="Testng.First" name="bseconds" time="0.011"/>
  <system-out/>
  <testcase classname="Testng.First" name="bseconds" time="0.012"/>
  <system-out/>
  <testcase classname="Testng.First" name="bseconds" time="0.011"/>
  <system-out/>
  <testcase classname="Testng.First" name="dfourth" time="0.002"/>
  <system-out/>
  <testcase classname="Testng.First" name="dfourth" time="0.003"/>
  <system-out/>
  <testcase classname="Testng.First" name="athirds" time="0.008"/>
  <system-out/>
  <testcase classname="Testng.First" name="dfourth" time="0.012"/>
  <system-out/>
  <testcase classname="Testng.First" name="athirds" time="0.005"/>
  <system-out/>
  <testcase classname="Testng.First" name="dfourth" time="0.004"/>
  <system-out/>
  <testcase classname="Testng.First" name="dfourth" time="0.005"/>
  <system-out/>
  <testcase classname="Testng.First" name="dfourth" time="0.005"/>
  <system-out/>
  <testcase classname="Testng.First" name="athirds" time="0.007"/>
  <system-out/>
  <testcase classname="Testng.First" name="athirds" time="0.004"/>
  <system-out/>
  <testcase classname="Testng.First" name="athirds" time="0.002"/>
  <system-out/>
  <testcase classname="Testng.First" name="dfourth" time="0.003"/>
  <system-out/>
  <testcase classname="Testng.First" name="athirds" time="0.010"/>
  <system-out/>
  <testcase classname="Testng.First" name="athirds" time="0.008"/>
  <system-out/>
  <testcase classname="Testng.First" name="athirds" time="0.004"/>
  <system-out/>
  <testcase classname="Testng.First" name="athirds" time="0.004"/>
  <system-out/>
  <testcase classname="Testng.First" name="dfourth" time="0.005"/>
  <system-out/>
  <testcase classname="Testng.First" name="dfourth" time="0.003"/>
  <system-out/>
</testsuite> <!-- Testng.First -->
