<?xml version="1.0" encoding="UTF-8"?>
<!-- Generated by org.testng.reporters.JUnitReportReporter -->
<testsuite hostname="DESKTOP-IL64O1R" failures="0" tests="1" name="Javaedgedriver.BrowserEX" time="137.496" errors="0" timestamp="2023-01-19T11:47:14 IST" skipped="0">
  <testcase classname="Javaedgedriver.BrowserEX" name="actionEX" time="137.496"/>
  <system-out/>
</testsuite> <!-- Javaedgedriver.BrowserEX -->
