<?xml version="1.0" encoding="UTF-8"?>
<!-- Generated by org.testng.reporters.JUnitReportReporter -->
<testsuite hostname="DESKTOP-IL64O1R" failures="0" tests="2" name="Testng.LoginData2" time="0.032" errors="0" timestamp="2023-01-26T19:33:26 IST" skipped="0">
  <testcase classname="Testng.LoginData2" name="login" time="0.012"/>
  <system-out/>
  <testcase classname="Testng.LoginData2" name="login" time="0.020"/>
  <system-out/>
</testsuite> <!-- Testng.LoginData2 -->
