<?xml version="1.0" encoding="UTF-8"?>
<!-- Generated by org.testng.reporters.JUnitReportReporter -->
<testsuite hostname="DESKTOP-IL64O1R" failures="0" tests="11" name="Testng.LoginDataseparet" time="0.179" errors="0" timestamp="2023-01-28T00:21:49 IST" skipped="0">
  <testcase classname="Testng.LoginDataseparet" name="logindata01" time="0.032"/>
  <system-out/>
  <testcase classname="Testng.LoginDataseparet" name="loging" time="0.004"/>
  <system-out/>
  <testcase classname="Testng.LoginDataseparet" name="logindata" time="0.031"/>
  <system-out/>
  <testcase classname="Testng.LoginDataseparet" name="logindata" time="0.015"/>
  <system-out/>
  <testcase classname="Testng.LoginDataseparet" name="logindata" time="0.024"/>
  <system-out/>
  <testcase classname="Testng.LoginDataseparet" name="logindata" time="0.024"/>
  <system-out/>
  <testcase classname="Testng.LoginDataseparet" name="logindata01" time="0.008"/>
  <system-out/>
  <testcase classname="Testng.LoginDataseparet" name="logindata" time="0.007"/>
  <system-out/>
  <testcase classname="Testng.LoginDataseparet" name="logindata" time="0.018"/>
  <system-out/>
  <testcase classname="Testng.LoginDataseparet" name="loging" time="0.003"/>
  <system-out/>
  <testcase classname="Testng.LoginDataseparet" name="logindata01" time="0.013"/>
  <system-out/>
</testsuite> <!-- Testng.LoginDataseparet -->
